%このファイルは日本語文字を含みます.
\BOOKMARK [-1][-]{part.1}{第I部 第一部: 基本文法}{}% 1
\BOOKMARK [0][-]{chapter.1}{第1章 JavaScriptとは}{part.1}% 2
\BOOKMARK [1][-]{section.1.1}{1.1 JavaScriptとECMAScript}{chapter.1}% 3
\BOOKMARK [1][-]{section.1.2}{1.2 JavaScriptってどのような言語？}{chapter.1}% 4
\BOOKMARK [0][-]{chapter.2}{第2章 コメント}{part.1}% 5
\BOOKMARK [1][-]{section.2.1}{2.1 一行コメント}{chapter.2}% 6
\BOOKMARK [1][-]{section.2.2}{2.2 複数行コメント}{chapter.2}% 7
\BOOKMARK [1][-]{section.2.3}{2.3 まとめ}{chapter.2}% 8
\BOOKMARK [0][-]{chapter.3}{第3章 変数と宣言}{part.1}% 9
\BOOKMARK [1][-]{section.3.1}{3.1 constES2015}{chapter.3}% 10
\BOOKMARK [1][-]{section.3.2}{3.2 letES2015}{chapter.3}% 11
\BOOKMARK [1][-]{section.3.3}{3.3 var}{chapter.3}% 12
\BOOKMARK [1][-]{section.3.4}{3.4 変数名に使える名前のルール}{chapter.3}% 13
\BOOKMARK [1][-]{section.3.5}{3.5 まとめ}{chapter.3}% 14
\BOOKMARK [0][-]{chapter.4}{第4章 値の評価と表示}{part.1}% 15
\BOOKMARK [1][-]{section.4.1}{4.1 この書籍で利用するブラウザ}{chapter.4}% 16
\BOOKMARK [1][-]{section.4.2}{4.2 ブラウザでJavaScriptを実行する}{chapter.4}% 17
\BOOKMARK [1][-]{section.4.3}{4.3 Console API}{chapter.4}% 18
\BOOKMARK [1][-]{section.4.4}{4.4 ウェブ版の書籍でコードを実行する}{chapter.4}% 19
\BOOKMARK [1][-]{section.4.5}{4.5 コードの評価とエラー}{chapter.4}% 20
\BOOKMARK [1][-]{section.4.6}{4.6 まとめ}{chapter.4}% 21
\BOOKMARK [0][-]{chapter.5}{第5章 データ型とリテラル}{part.1}% 22
\BOOKMARK [1][-]{section.5.1}{5.1 データ型}{chapter.5}% 23
\BOOKMARK [1][-]{section.5.2}{5.2 リテラル}{chapter.5}% 24
\BOOKMARK [1][-]{section.5.3}{5.3 プリミティブ型とオブジェクト}{chapter.5}% 25
\BOOKMARK [1][-]{section.5.4}{5.4 まとめ}{chapter.5}% 26
\BOOKMARK [0][-]{chapter.6}{第6章 演算子}{part.1}% 27
\BOOKMARK [1][-]{section.6.1}{6.1 二項演算子}{chapter.6}% 28
\BOOKMARK [1][-]{section.6.2}{6.2 文字列結合演算子（+）}{chapter.6}% 29
\BOOKMARK [1][-]{section.6.3}{6.3 単項演算子（算術）}{chapter.6}% 30
\BOOKMARK [1][-]{section.6.4}{6.4 比較演算子}{chapter.6}% 31
\BOOKMARK [1][-]{section.6.5}{6.5 ビット演算子}{chapter.6}% 32
\BOOKMARK [1][-]{section.6.6}{6.6 代入演算子（=）}{chapter.6}% 33
\BOOKMARK [1][-]{section.6.7}{6.7 条件（三項）演算子（?と:）}{chapter.6}% 34
\BOOKMARK [1][-]{section.6.8}{6.8 論理演算子}{chapter.6}% 35
\BOOKMARK [1][-]{section.6.9}{6.9 カンマ演算子（,）}{chapter.6}% 36
\BOOKMARK [1][-]{section.6.10}{6.10 まとめ}{chapter.6}% 37
\BOOKMARK [0][-]{chapter.7}{第7章 暗黙的な型変換}{part.1}% 38
\BOOKMARK [1][-]{section.7.1}{7.1 暗黙的な型変換とは}{chapter.7}% 39
\BOOKMARK [1][-]{section.7.2}{7.2 明示的な型変換}{chapter.7}% 40
\BOOKMARK [1][-]{section.7.3}{7.3 明示的な変換でも解決しないこと}{chapter.7}% 41
\BOOKMARK [1][-]{section.7.4}{7.4 まとめ}{chapter.7}% 42
\BOOKMARK [0][-]{chapter.8}{第8章 関数と宣言}{part.1}% 43
\BOOKMARK [1][-]{section.8.1}{8.1 関数宣言}{chapter.8}% 44
\BOOKMARK [1][-]{section.8.2}{8.2 関数の引数}{chapter.8}% 45
\BOOKMARK [1][-]{section.8.3}{8.3 可変長引数}{chapter.8}% 46
\BOOKMARK [1][-]{section.8.4}{8.4 関数の引数と分割代入ES2015}{chapter.8}% 47
\BOOKMARK [1][-]{section.8.5}{8.5 関数はオブジェクト}{chapter.8}% 48
\BOOKMARK [1][-]{section.8.6}{8.6 メソッド}{chapter.8}% 49
\BOOKMARK [1][-]{section.8.7}{8.7 まとめ}{chapter.8}% 50
\BOOKMARK [0][-]{chapter.9}{第9章 文と式}{part.1}% 51
\BOOKMARK [1][-]{section.9.1}{9.1 式}{chapter.9}% 52
\BOOKMARK [1][-]{section.9.2}{9.2 文}{chapter.9}% 53
\BOOKMARK [1][-]{section.9.3}{9.3 function宣言（文）とfunction式}{chapter.9}% 54
\BOOKMARK [1][-]{section.9.4}{9.4 まとめ}{chapter.9}% 55
\BOOKMARK [0][-]{chapter.10}{第10章 条件分岐}{part.1}% 56
\BOOKMARK [1][-]{section.10.1}{10.1 if文}{chapter.10}% 57
\BOOKMARK [1][-]{section.10.2}{10.2 switch文}{chapter.10}% 58
\BOOKMARK [1][-]{section.10.3}{10.3 まとめ}{chapter.10}% 59
\BOOKMARK [0][-]{chapter.11}{第11章 ループと反復処理}{part.1}% 60
\BOOKMARK [1][-]{section.11.1}{11.1 while文}{chapter.11}% 61
\BOOKMARK [1][-]{section.11.2}{11.2 do-while文}{chapter.11}% 62
\BOOKMARK [1][-]{section.11.3}{11.3 for文}{chapter.11}% 63
\BOOKMARK [1][-]{section.11.4}{11.4 配列のforEachメソッド}{chapter.11}% 64
\BOOKMARK [1][-]{section.11.5}{11.5 break文}{chapter.11}% 65
\BOOKMARK [1][-]{section.11.6}{11.6 continue文}{chapter.11}% 66
\BOOKMARK [1][-]{section.11.7}{11.7 for…in文}{chapter.11}% 67
\BOOKMARK [1][-]{section.11.8}{11.8 for…of文ES2015}{chapter.11}% 68
\BOOKMARK [1][-]{section.11.9}{11.9 まとめ}{chapter.11}% 69
\BOOKMARK [0][-]{chapter.12}{第12章 オブジェクト}{part.1}% 70
\BOOKMARK [1][-]{section.12.1}{12.1 オブジェクトを作成する}{chapter.12}% 71
\BOOKMARK [1][-]{section.12.2}{12.2 プロパティへのアクセス}{chapter.12}% 72
\BOOKMARK [1][-]{section.12.3}{12.3 オブジェクトと分割代入ES2015}{chapter.12}% 73
\BOOKMARK [1][-]{section.12.4}{12.4 プロパティの追加}{chapter.12}% 74
\BOOKMARK [1][-]{section.12.5}{12.5 プロパティの存在を確認する}{chapter.12}% 75
\BOOKMARK [1][-]{section.12.6}{12.6 toStringメソッド}{chapter.12}% 76
\BOOKMARK [1][-]{section.12.7}{12.7 オブジェクトの静的メソッド}{chapter.12}% 77
\BOOKMARK [1][-]{section.12.8}{12.8 まとめ}{chapter.12}% 78
\BOOKMARK [0][-]{chapter.13}{第13章 プロトタイプオブジェクト}{part.1}% 79
\BOOKMARK [1][-]{section.13.1}{13.1 Objectはすべての元}{chapter.13}% 80
\BOOKMARK [1][-]{section.13.2}{13.2 まとめ}{chapter.13}% 81
\BOOKMARK [0][-]{chapter.14}{第14章 配列}{part.1}% 82
\BOOKMARK [1][-]{section.14.1}{14.1 配列の作成とアクセス}{chapter.14}% 83
\BOOKMARK [1][-]{section.14.2}{14.2 オブジェクトが配列かどうかを判定する}{chapter.14}% 84
\BOOKMARK [1][-]{section.14.3}{14.3 配列と分割代入rm ES2015}{chapter.14}% 85
\BOOKMARK [1][-]{section.14.4}{14.4 配列から要素を検索}{chapter.14}% 86
\BOOKMARK [1][-]{section.14.5}{14.5 追加と削除}{chapter.14}% 87
\BOOKMARK [1][-]{section.14.6}{14.6 配列同士を結合}{chapter.14}% 88
\BOOKMARK [1][-]{section.14.7}{14.7 配列の展開ES2015}{chapter.14}% 89
\BOOKMARK [1][-]{section.14.8}{14.8 配列をフラット化ES2019}{chapter.14}% 90
\BOOKMARK [1][-]{section.14.9}{14.9 配列から要素を削除}{chapter.14}% 91
\BOOKMARK [1][-]{section.14.10}{14.10 破壊的なメソッドと非破壊的なメソッド}{chapter.14}% 92
\BOOKMARK [1][-]{section.14.11}{14.11 配列を反復処理するメソッド}{chapter.14}% 93
\BOOKMARK [1][-]{section.14.12}{14.12 メソッドチェーンと高階関数}{chapter.14}% 94
\BOOKMARK [1][-]{section.14.13}{14.13 まとめ}{chapter.14}% 95
\BOOKMARK [0][-]{chapter.15}{第15章 文字列}{part.1}% 96
\BOOKMARK [1][-]{section.15.1}{15.1 文字列を作成する}{chapter.15}% 97
\BOOKMARK [1][-]{section.15.2}{15.2 エスケープシーケンス}{chapter.15}% 98
\BOOKMARK [1][-]{section.15.3}{15.3 文字列を結合する}{chapter.15}% 99
\BOOKMARK [1][-]{section.15.4}{15.4 文字へのアクセス}{chapter.15}% 100
\BOOKMARK [1][-]{section.15.5}{15.5 文字列とは}{chapter.15}% 101
\BOOKMARK [1][-]{section.15.6}{15.6 文字列の分解と結合}{chapter.15}% 102
\BOOKMARK [1][-]{section.15.7}{15.7 文字列の長さ}{chapter.15}% 103
\BOOKMARK [1][-]{section.15.8}{15.8 文字列の比較}{chapter.15}% 104
\BOOKMARK [1][-]{section.15.9}{15.9 文字列の一部を取得}{chapter.15}% 105
\BOOKMARK [1][-]{section.15.10}{15.10 文字列の検索}{chapter.15}% 106
\BOOKMARK [1][-]{section.15.11}{15.11 正規表現オブジェクト}{chapter.15}% 107
\BOOKMARK [1][-]{section.15.12}{15.12 文字列の置換/削除}{chapter.15}% 108
\BOOKMARK [1][-]{section.15.13}{15.13 文字列の組み立て}{chapter.15}% 109
\BOOKMARK [1][-]{section.15.14}{15.14 終わりに}{chapter.15}% 110
\BOOKMARK [0][-]{chapter.16}{第16章 文字列とUnicode}{part.1}% 111
\BOOKMARK [1][-]{section.16.1}{16.1 Code Point}{chapter.16}% 112
\BOOKMARK [1][-]{section.16.2}{16.2 Code PointとCode Unitの違い}{chapter.16}% 113
\BOOKMARK [1][-]{section.16.3}{16.3 サロゲートペア}{chapter.16}% 114
\BOOKMARK [1][-]{section.16.4}{16.4 Code Pointを扱う}{chapter.16}% 115
\BOOKMARK [1][-]{section.16.5}{16.5 終わりに}{chapter.16}% 116
